#
# There is insufficient memory for the Java Runtime Environment to continue.
# Native memory allocation (malloc) failed to allocate 32744 bytes for ChunkPool::allocate
# Possible reasons:
#   The system is out of physical RAM or swap space
#   In 32 bit mode, the process size limit was hit
# Possible solutions:
#   Reduce memory load on the system
#   Increase physical memory or swap space
#   Check if swap backing store is full
#   Use 64 bit Java on a 64 bit OS
#   Decrease Java heap size (-Xmx/-Xms)
#   Decrease number of Java threads
#   Decrease Java thread stack sizes (-Xss)
#   Set larger code cache with -XX:ReservedCodeCacheSize=
# This output file may be truncated or incomplete.
#
#  Out of Memory Error (allocation.cpp:273), pid=5804, tid=0x0000000000001cf4
#
# JRE version: Java(TM) SE Runtime Environment (8.0_191-b12) (build 1.8.0_191-b12)
# Java VM: Java HotSpot(TM) 64-Bit Server VM (25.191-b12 mixed mode windows-amd64 compressed oops)
# Failed to write core dump. Minidumps are not enabled by default on client versions of Windows
#

---------------  T H R E A D  ---------------

Current thread (0x000000001e3fd000):  JavaThread "C1 CompilerThread2" daemon [_thread_in_native, id=7412, stack(0x000000001eb30000,0x000000001ec30000)]

Stack: [0x000000001eb30000,0x000000001ec30000]
[error occurred during error reporting (printing stack bounds), id 0xc0000005]

Native frames: (J=compiled Java code, j=interpreted, Vv=VM code, C=native code)


Current CompileTask:
C1:   6833 4686       1       sun.misc.ProxyGenerator$ProxyMethod::generateMethod (733 bytes)


---------------  P R O C E S S  ---------------

Java Threads: ( => current thread )
  0x0000000022060800 JavaThread "SimplePauseDetectorThread_0" daemon [_thread_blocked, id=13784, stack(0x0000000024180000,0x0000000024280000)]
  0x0000000022064000 JavaThread "Thread-11" daemon [_thread_blocked, id=12016, stack(0x0000000024080000,0x0000000024180000)]
  0x0000000022067000 JavaThread "container-0" [_thread_blocked, id=20228, stack(0x0000000023b80000,0x0000000023c80000)]
  0x0000000022066800 JavaThread "Catalina-utility-1" [_thread_blocked, id=9024, stack(0x0000000023a80000,0x0000000023b80000)]
  0x0000000022065000 JavaThread "Druid-ConnectionPool-Destroy-1861043945" daemon [_thread_blocked, id=19668, stack(0x0000000023780000,0x0000000023880000)]
  0x000000002204b000 JavaThread "Druid-ConnectionPool-Create-1861043945" daemon [_thread_blocked, id=17536, stack(0x0000000023680000,0x0000000023780000)]
  0x0000000022045000 JavaThread "Abandoned connection cleanup thread" daemon [_thread_blocked, id=18660, stack(0x0000000023580000,0x0000000023680000)]
  0x000000001f992000 JavaThread "RMI TCP Connection(4)-127.0.0.1" daemon [_thread_in_native, id=4968, stack(0x0000000020bb0000,0x0000000020cb0000)]
  0x000000001e7a6000 JavaThread "RMI Scheduler(0)" daemon [_thread_blocked, id=18776, stack(0x000000001f330000,0x000000001f430000)]
  0x000000001e77b800 JavaThread "RMI TCP Connection(3)-127.0.0.1" daemon [_thread_in_native, id=14524, stack(0x000000001f230000,0x000000001f330000)]
  0x000000001e737800 JavaThread "RMI TCP Connection(1)-127.0.0.1" daemon [_thread_in_native, id=10220, stack(0x000000001f130000,0x000000001f230000)]
  0x000000001e6ce800 JavaThread "RMI TCP Accept-0" daemon [_thread_in_native, id=18632, stack(0x000000001ef30000,0x000000001f030000)]
  0x000000001e6c7800 JavaThread "RMI TCP Accept-14594" daemon [_thread_in_native, id=11640, stack(0x000000001ee30000,0x000000001ef30000)]
  0x000000001e6b5800 JavaThread "RMI TCP Accept-0" daemon [_thread_in_native, id=10556, stack(0x000000001ed30000,0x000000001ee30000)]
  0x000000001e402800 JavaThread "Service Thread" daemon [_thread_blocked, id=17060, stack(0x000000001ec30000,0x000000001ed30000)]
=>0x000000001e3fd000 JavaThread "C1 CompilerThread2" daemon [_thread_in_native, id=7412, stack(0x000000001eb30000,0x000000001ec30000)]
  0x000000001e390000 JavaThread "C2 CompilerThread1" daemon [_thread_blocked, id=18924, stack(0x000000001ea30000,0x000000001eb30000)]
  0x000000001e38f000 JavaThread "C2 CompilerThread0" daemon [_thread_blocked, id=16648, stack(0x000000001e930000,0x000000001ea30000)]
  0x000000001c524000 JavaThread "JDWP Command Reader" daemon [_thread_in_native, id=12424, stack(0x000000001e030000,0x000000001e130000)]
  0x000000001c520800 JavaThread "JDWP Event Helper Thread" daemon [_thread_blocked, id=3104, stack(0x000000001df30000,0x000000001e030000)]
  0x000000001c515000 JavaThread "JDWP Transport Listener: dt_socket" daemon [_thread_blocked, id=13236, stack(0x000000001de30000,0x000000001df30000)]
  0x000000001d872800 JavaThread "Attach Listener" daemon [_thread_blocked, id=18364, stack(0x000000001dd30000,0x000000001de30000)]
  0x000000001c4f9000 JavaThread "Signal Dispatcher" daemon [_thread_blocked, id=19524, stack(0x000000001dc30000,0x000000001dd30000)]
  0x0000000002d6e000 JavaThread "Finalizer" daemon [_thread_blocked, id=8128, stack(0x000000001d730000,0x000000001d830000)]
  0x000000001c4c8800 JavaThread "Reference Handler" daemon [_thread_blocked, id=8628, stack(0x000000001d630000,0x000000001d730000)]
  0x0000000002c72800 JavaThread "main" [_thread_in_Java, id=19764, stack(0x0000000002b70000,0x0000000002c70000)]

Other Threads:
  0x000000001c4a7000 VMThread [stack: 0x000000001d530000,0x000000001d630000] [id=15492]
  0x000000001e6d0000 WatcherThread [stack: 0x000000001f030000,0x000000001f130000] [id=12128]

VM state:not at safepoint (normal execution)

VM Mutex/Monitor currently owned by a thread: None

Heap:
 PSYoungGen      total 402944K, used 149388K [0x000000076ae00000, 0x0000000786b80000, 0x00000007c0000000)
  eden space 386560K, 34% used [0x000000076ae00000,0x0000000772fe9ba8,0x0000000782780000)
  from space 16384K, 99% used [0x0000000785b80000,0x0000000786b79768,0x0000000786b80000)
  to   space 19456K, 0% used [0x0000000784580000,0x0000000784580000,0x0000000785880000)
 ParOldGen       total 77824K, used 20955K [0x00000006c0a00000, 0x00000006c5600000, 0x000000076ae00000)
  object space 77824K, 26% used [0x00000006c0a00000,0x00000006c1e76d10,0x00000006c5600000)
 Metaspace       used 53041K, capacity 54976K, committed 55472K, reserved 1097728K
  class space    used 7097K, capacity 7478K, committed 7600K, reserved 1048576K

Card table byte_map: [0x0000000012230000,0x0000000012a30000] byte_map_base: 0x000000000ec2b000

Marking Bits: (ParMarkBitMap*) 0x0000000052853e30
 Begin Bits: [0x0000000013390000, 0x0000000017368000)
 End Bits:   [0x0000000017368000, 0x000000001b340000)

Polling page: 0x0000000000850000

CodeCache: size=245760Kb used=9786Kb max_used=9786Kb free=235973Kb
 bounds [0x0000000002e70000, 0x0000000003800000, 0x0000000011e70000]
 total_blobs=5168 nmethods=4634 adapters=453
 compilation: enabled

Compilation events (10 events):
Event: 6.820 Thread 0x000000001e3fd000 nmethod 4678 0x00000000037fda90 code [0x00000000037fdbe0, 0x00000000037fdd28]
Event: 6.820 Thread 0x000000001e3fd000 4679       1       org.springframework.core.ResolvableType::access$300 (6 bytes)
Event: 6.820 Thread 0x000000001e3fd000 nmethod 4679 0x00000000037fde10 code [0x00000000037fdf60, 0x00000000037fe088]
Event: 6.821 Thread 0x000000001e3fd000 4680       1       org.springframework.beans.MutablePropertyValues::isEmpty (10 bytes)
Event: 6.821 Thread 0x000000001e3fd000 nmethod 4680 0x00000000037fe150 code [0x00000000037fe2a0, 0x00000000037fe3e8]
Event: 6.823 Thread 0x000000001e3fd000 4681   !   1       sun.misc.ProxyGenerator::generateClassFile (680 bytes)
Event: 6.823 Thread 0x000000001e3fd000 

Event: 6.826 Thread 0x000000001e3fd000 4682       1       sun.misc.ProxyGenerator$ConstantPool::getInterfaceMethodRef (33 bytes)
Event: 6.827 Thread 0x000000001e3fd000 nmethod 4682 0x00000000037fe450 code [0x00000000037fe640, 0x00000000037febe8]
Event: 6.827 Thread 0x000000001e3fd000 4686       1       sun.misc.ProxyGenerator$ProxyMethod::generateMethod (733 bytes)

GC Heap History (10 events):
Event: 3.339 GC heap before
{Heap before GC invocations=6 (full 1):
 PSYoungGen      total 132096K, used 131801K [0x000000076ae00000, 0x0000000774000000, 0x00000007c0000000)
  eden space 124416K, 100% used [0x000000076ae00000,0x0000000772780000,0x0000000772780000)
  from space 7680K, 96% used [0x0000000773880000,0x0000000773fb65b8,0x0000000774000000)
  to   space 10752K, 0% used [0x0000000772b00000,0x0000000772b00000,0x0000000773580000)
 ParOldGen       total 77824K, used 6292K [0x00000006c0a00000, 0x00000006c5600000, 0x000000076ae00000)
  object space 77824K, 8% used [0x00000006c0a00000,0x00000006c1025248,0x00000006c5600000)
 Metaspace       used 28019K, capacity 28832K, committed 28976K, reserved 1075200K
  class space    used 3655K, capacity 3864K, committed 3888K, reserved 1048576K
Event: 3.347 GC heap after
Heap after GC invocations=6 (full 1):
 PSYoungGen      total 138752K, used 10628K [0x000000076ae00000, 0x000000077a980000, 0x00000007c0000000)
  eden space 128000K, 0% used [0x000000076ae00000,0x000000076ae00000,0x0000000772b00000)
  from space 10752K, 98% used [0x0000000772b00000,0x0000000773561148,0x0000000773580000)
  to   space 12288K, 0% used [0x0000000779d80000,0x0000000779d80000,0x000000077a980000)
 ParOldGen       total 77824K, used 6364K [0x00000006c0a00000, 0x00000006c5600000, 0x000000076ae00000)
  object space 77824K, 8% used [0x00000006c0a00000,0x00000006c1037258,0x00000006c5600000)
 Metaspace       used 28019K, capacity 28832K, committed 28976K, reserved 1075200K
  class space    used 3655K, capacity 3864K, committed 3888K, reserved 1048576K
}
Event: 4.103 GC heap before
{Heap before GC invocations=7 (full 1):
 PSYoungGen      total 138752K, used 138628K [0x000000076ae00000, 0x000000077a980000, 0x00000007c0000000)
  eden space 128000K, 100% used [0x000000076ae00000,0x0000000772b00000,0x0000000772b00000)
  from space 10752K, 98% used [0x0000000772b00000,0x0000000773561148,0x0000000773580000)
  to   space 12288K, 0% used [0x0000000779d80000,0x0000000779d80000,0x000000077a980000)
 ParOldGen       total 77824K, used 6364K [0x00000006c0a00000, 0x00000006c5600000, 0x000000076ae00000)
  object space 77824K, 8% used [0x00000006c0a00000,0x00000006c1037258,0x00000006c5600000)
 Metaspace       used 33500K, capacity 34558K, committed 34736K, reserved 1079296K
  class space    used 4490K, capacity 4745K, committed 4784K, reserved 1048576K
Event: 4.114 GC heap after
Heap after GC invocations=7 (full 1):
 PSYoungGen      total 241664K, used 12263K [0x000000076ae00000, 0x000000077b400000, 0x00000007c0000000)
  eden space 229376K, 0% used [0x000000076ae00000,0x000000076ae00000,0x0000000778e00000)
  from space 12288K, 99% used [0x0000000779d80000,0x000000077a979e78,0x000000077a980000)
  to   space 15872K, 0% used [0x0000000778e00000,0x0000000778e00000,0x0000000779d80000)
 ParOldGen       total 77824K, used 9917K [0x00000006c0a00000, 0x00000006c5600000, 0x000000076ae00000)
  object space 77824K, 12% used [0x00000006c0a00000,0x00000006c13af4b8,0x00000006c5600000)
 Metaspace       used 33500K, capacity 34558K, committed 34736K, reserved 1079296K
  class space    used 4490K, capacity 4745K, committed 4784K, reserved 1048576K
}
Event: 4.261 GC heap before
{Heap before GC invocations=8 (full 1):
 PSYoungGen      total 241664K, used 35107K [0x000000076ae00000, 0x000000077b400000, 0x00000007c0000000)
  eden space 229376K, 9% used [0x000000076ae00000,0x000000076c44ef88,0x0000000778e00000)
  from space 12288K, 99% used [0x0000000779d80000,0x000000077a979e78,0x000000077a980000)
  to   space 15872K, 0% used [0x0000000778e00000,0x0000000778e00000,0x0000000779d80000)
 ParOldGen       total 77824K, used 9917K [0x00000006c0a00000, 0x00000006c5600000, 0x000000076ae00000)
  object space 77824K, 12% used [0x00000006c0a00000,0x00000006c13af4b8,0x00000006c5600000)
 Metaspace       used 34267K, capacity 35396K, committed 35496K, reserved 1079296K
  class space    used 4601K, capacity 4844K, committed 4912K, reserved 1048576K
Event: 4.270 GC heap after
Heap after GC invocations=8 (full 1):
 PSYoungGen      total 245248K, used 12413K [0x000000076ae00000, 0x0000000786b80000, 0x00000007c0000000)
  eden space 229376K, 0% used [0x000000076ae00000,0x000000076ae00000,0x0000000778e00000)
  from space 15872K, 78% used [0x0000000778e00000,0x0000000779a1f618,0x0000000779d80000)
  to   space 16384K, 0% used [0x0000000785b80000,0x0000000785b80000,0x0000000786b80000)
 ParOldGen       total 77824K, used 9925K [0x00000006c0a00000, 0x00000006c5600000, 0x000000076ae00000)
  object space 77824K, 12% used [0x00000006c0a00000,0x00000006c13b14b8,0x00000006c5600000)
 Metaspace       used 34267K, capacity 35396K, committed 35496K, reserved 1079296K
  class space    used 4601K, capacity 4844K, committed 4912K, reserved 1048576K
}
Event: 4.270 GC heap before
{Heap before GC invocations=9 (full 2):
 PSYoungGen      total 245248K, used 12413K [0x000000076ae00000, 0x0000000786b80000, 0x00000007c0000000)
  eden space 229376K, 0% used [0x000000076ae00000,0x000000076ae00000,0x0000000778e00000)
  from space 15872K, 78% used [0x0000000778e00000,0x0000000779a1f618,0x0000000779d80000)
  to   space 16384K, 0% used [0x0000000785b80000,0x0000000785b80000,0x0000000786b80000)
 ParOldGen       total 77824K, used 9925K [0x00000006c0a00000, 0x00000006c5600000, 0x000000076ae00000)
  object space 77824K, 12% used [0x00000006c0a00000,0x00000006c13b14b8,0x00000006c5600000)
 Metaspace       used 34267K, capacity 35396K, committed 35496K, reserved 1079296K
  class space    used 4601K, capacity 4844K, committed 4912K, reserved 1048576K
Event: 4.321 GC heap after
Heap after GC invocations=9 (full 2):
 PSYoungGen      total 245248K, used 0K [0x000000076ae00000, 0x0000000786b80000, 0x00000007c0000000)
  eden space 229376K, 0% used [0x000000076ae00000,0x000000076ae00000,0x0000000778e00000)
  from space 15872K, 0% used [0x0000000778e00000,0x0000000778e00000,0x0000000779d80000)
  to   space 16384K, 0% used [0x0000000785b80000,0x0000000785b80000,0x0000000786b80000)
 ParOldGen       total 77824K, used 18301K [0x00000006c0a00000, 0x00000006c5600000, 0x000000076ae00000)
  object space 77824K, 23% used [0x00000006c0a00000,0x00000006c1bdf480,0x00000006c5600000)
 Metaspace       used 34267K, capacity 35396K, committed 35496K, reserved 1079296K
  class space    used 4601K, capacity 4844K, committed 4912K, reserved 1048576K
}
Event: 6.034 GC heap before
{Heap before GC invocations=10 (full 2):
 PSYoungGen      total 245248K, used 229376K [0x000000076ae00000, 0x0000000786b80000, 0x00000007c0000000)
  eden space 229376K, 100% used [0x000000076ae00000,0x0000000778e00000,0x0000000778e00000)
  from space 15872K, 0% used [0x0000000778e00000,0x0000000778e00000,0x0000000779d80000)
  to   space 16384K, 0% used [0x0000000785b80000,0x0000000785b80000,0x0000000786b80000)
 ParOldGen       total 77824K, used 18301K [0x00000006c0a00000, 0x00000006c5600000, 0x000000076ae00000)
  object space 77824K, 23% used [0x00000006c0a00000,0x00000006c1bdf480,0x00000006c5600000)
 Metaspace       used 46196K, capacity 47996K, committed 48304K, reserved 1091584K
  class space    used 6150K, capacity 6512K, committed 6576K, reserved 1048576K
Event: 6.049 GC heap after
Heap after GC invocations=10 (full 2):
 PSYoungGen      total 402944K, used 16357K [0x000000076ae00000, 0x0000000786b80000, 0x00000007c0000000)
  eden space 386560K, 0% used [0x000000076ae00000,0x000000076ae00000,0x0000000782780000)
  from space 16384K, 99% used [0x0000000785b80000,0x0000000786b79768,0x0000000786b80000)
  to   space 19456K, 0% used [0x0000000784580000,0x0000000784580000,0x0000000785880000)
 ParOldGen       total 77824K, used 20955K [0x00000006c0a00000, 0x00000006c5600000, 0x000000076ae00000)
  object space 77824K, 26% used [0x00000006c0a00000,0x00000006c1e76d10,0x00000006c5600000)
 Metaspace       used 46196K, capacity 47996K, committed 48304K, reserved 1091584K
  class space    used 6150K, capacity 6512K, committed 6576K, reserved 1048576K
}

Deoptimization events (0 events):
No events

Classes redefined (0 events):
No events

Internal exceptions (10 events):
Event: 6.822 Thread 0x0000000002c72800 Exception <a 'java/lang/ClassNotFoundException': org/springframework/plugin/core/support/PluginRegistryFactoryBeanCustomizer> (0x0000000772bbb538) thrown at [C:\re\workspace\8-2-build-windows-amd64-cygwin\jdk8u191\11896\hotspot\src\share\vm\classfile\syst
Event: 6.822 Thread 0x0000000002c72800 Exception <a 'java/lang/ArrayIndexOutOfBoundsException'> (0x0000000772bbde00) thrown at [C:\re\workspace\8-2-build-windows-amd64-cygwin\jdk8u191\11896\hotspot\src\share\vm\runtime\sharedRuntime.cpp, line 605]
Event: 6.822 Thread 0x0000000002c72800 Exception <a 'java/lang/ArrayIndexOutOfBoundsException'> (0x0000000772bc01c8) thrown at [C:\re\workspace\8-2-build-windows-amd64-cygwin\jdk8u191\11896\hotspot\src\share\vm\runtime\sharedRuntime.cpp, line 605]
Event: 6.824 Thread 0x0000000002c72800 Exception <a 'java/lang/ClassNotFoundException': org/springframework/beans/factory/FactoryBeanCustomizer> (0x0000000772bfa5d8) thrown at [C:\re\workspace\8-2-build-windows-amd64-cygwin\jdk8u191\11896\hotspot\src\share\vm\classfile\systemDictionary.cpp, li
Event: 6.824 Thread 0x0000000002c72800 Exception <a 'java/lang/ClassNotFoundException': org/springframework/context/ApplicationContextAwareCustomizer> (0x0000000772c202f8) thrown at [C:\re\workspace\8-2-build-windows-amd64-cygwin\jdk8u191\11896\hotspot\src\share\vm\classfile\systemDictionary.c
Event: 6.825 Thread 0x0000000002c72800 Exception <a 'java/lang/ClassNotFoundException': org/springframework/beans/factory/AwareCustomizer> (0x0000000772c3eec0) thrown at [C:\re\workspace\8-2-build-windows-amd64-cygwin\jdk8u191\11896\hotspot\src\share\vm\classfile\systemDictionary.cpp, line 210
Event: 6.825 Thread 0x0000000002c72800 Exception <a 'java/lang/ClassNotFoundException': org/springframework/context/ApplicationListenerCustomizer> (0x0000000772c5f5d8) thrown at [C:\re\workspace\8-2-build-windows-amd64-cygwin\jdk8u191\11896\hotspot\src\share\vm\classfile\systemDictionary.cpp, 
Event: 6.825 Thread 0x0000000002c72800 Exception <a 'java/lang/ArrayIndexOutOfBoundsException'> (0x0000000772c60118) thrown at [C:\re\workspace\8-2-build-windows-amd64-cygwin\jdk8u191\11896\hotspot\src\share\vm\runtime\sharedRuntime.cpp, line 605]
Event: 6.825 Thread 0x0000000002c72800 Exception <a 'java/lang/ClassNotFoundException': java/util/EventListenerCustomizer> (0x0000000772c6ca78) thrown at [C:\re\workspace\8-2-build-windows-amd64-cygwin\jdk8u191\11896\hotspot\src\share\vm\classfile\systemDictionary.cpp, line 210]
Event: 6.826 Thread 0x0000000002c72800 Exception <a 'java/lang/ClassNotFoundException': org/springframework/beans/factory/InitializingBeanCustomizer> (0x0000000772c8ea50) thrown at [C:\re\workspace\8-2-build-windows-amd64-cygwin\jdk8u191\11896\hotspot\src\share\vm\classfile\systemDictionary.cp

Events (10 events):
Event: 6.826 Thread 0x0000000002c72800 DEOPT PACKING pc=0x0000000003222a64 sp=0x0000000002c6aec0
Event: 6.826 Thread 0x0000000002c72800 DEOPT UNPACKING pc=0x0000000002eb7890 sp=0x0000000002c6ac18 mode 1
Event: 6.828 loading class org/springframework/util/comparator/InvertibleComparator
Event: 6.828 loading class org/springframework/util/comparator/InvertibleComparator done
Event: 6.828 Thread 0x0000000002c72800 DEOPT PACKING pc=0x00000000030aeb51 sp=0x0000000002c69bf0
Event: 6.828 Thread 0x0000000002c72800 DEOPT UNPACKING pc=0x0000000002eb7890 sp=0x0000000002c69940 mode 1
Event: 6.828 Thread 0x0000000002c72800 DEOPT PACKING pc=0x0000000003043c84 sp=0x0000000002c69c70
Event: 6.828 Thread 0x0000000002c72800 DEOPT UNPACKING pc=0x0000000002eb7890 sp=0x0000000002c69a90 mode 1
Event: 6.828 Thread 0x0000000002c72800 DEOPT PACKING pc=0x0000000003043bcc sp=0x0000000002c69e00
Event: 6.828 Thread 0x0000000002c72800 DEOPT UNPACKING pc=0x0000000002eb7890 sp=0x0000000002c69c20 mode 1


Dynamic libraries:
0x00007ff6420d0000 - 0x00007ff642107000 	C:\Program Files\Java\jdk1.8.0_191\bin\java.exe
0x00007ffb4d9d0000 - 0x00007ffb4dbb1000 	C:\WINDOWS\SYSTEM32\ntdll.dll
0x00007ffb4cbd0000 - 0x00007ffb4cc81000 	C:\WINDOWS\System32\KERNEL32.DLL
0x00007ffb4ab60000 - 0x00007ffb4add3000 	C:\WINDOWS\System32\KERNELBASE.dll
0x00007ffb4d250000 - 0x00007ffb4d2f1000 	C:\WINDOWS\System32\ADVAPI32.dll
0x00007ffb4cca0000 - 0x00007ffb4cd3e000 	C:\WINDOWS\System32\msvcrt.dll
0x00007ffb4cb40000 - 0x00007ffb4cb9b000 	C:\WINDOWS\System32\sechost.dll
0x00007ffb4c860000 - 0x00007ffb4c984000 	C:\WINDOWS\System32\RPCRT4.dll
0x00007ffb4cd40000 - 0x00007ffb4ced0000 	C:\WINDOWS\System32\USER32.dll
0x00007ffb4a9f0000 - 0x00007ffb4aa10000 	C:\WINDOWS\System32\win32u.dll
0x00007ffb4d6b0000 - 0x00007ffb4d6d8000 	C:\WINDOWS\System32\GDI32.dll
0x00007ffb49e50000 - 0x00007ffb49fe1000 	C:\WINDOWS\System32\gdi32full.dll
0x00007ffb4aac0000 - 0x00007ffb4ab5f000 	C:\WINDOWS\System32\msvcp_win.dll
0x00007ffb49ff0000 - 0x00007ffb4a0e8000 	C:\WINDOWS\System32\ucrtbase.dll
0x00007ffb3a2e0000 - 0x00007ffb3a549000 	C:\WINDOWS\WinSxS\amd64_microsoft.windows.common-controls_6595b64144ccf1df_6.0.17134.885_none_fb42a3473065565f\COMCTL32.dll
0x00007ffb4d300000 - 0x00007ffb4d622000 	C:\WINDOWS\System32\combase.dll
0x00007ffb4ade0000 - 0x00007ffb4ae59000 	C:\WINDOWS\System32\bcryptPrimitives.dll
0x00007ffb4cba0000 - 0x00007ffb4cbcd000 	C:\WINDOWS\System32\IMM32.DLL
0x00000000528e0000 - 0x00000000529b2000 	C:\Program Files\Java\jdk1.8.0_191\jre\bin\msvcr100.dll
0x0000000052030000 - 0x00000000528d4000 	C:\Program Files\Java\jdk1.8.0_191\jre\bin\server\jvm.dll
0x00007ffb4d830000 - 0x00007ffb4d838000 	C:\WINDOWS\System32\PSAPI.DLL
0x00007ffb46970000 - 0x00007ffb46979000 	C:\WINDOWS\SYSTEM32\WSOCK32.dll
0x00007ffb47e80000 - 0x00007ffb47ea3000 	C:\WINDOWS\SYSTEM32\WINMM.dll
0x00007ffb44da0000 - 0x00007ffb44daa000 	C:\WINDOWS\SYSTEM32\VERSION.dll
0x00007ffb4ca70000 - 0x00007ffb4cadc000 	C:\WINDOWS\System32\WS2_32.dll
0x00007ffb47d70000 - 0x00007ffb47d9a000 	C:\WINDOWS\SYSTEM32\winmmbase.dll
0x00007ffb49da0000 - 0x00007ffb49de9000 	C:\WINDOWS\System32\cfgmgr32.dll
0x0000000052020000 - 0x000000005202f000 	C:\Program Files\Java\jdk1.8.0_191\jre\bin\verify.dll
0x0000000051ff0000 - 0x0000000052019000 	C:\Program Files\Java\jdk1.8.0_191\jre\bin\java.dll
0x0000000051f50000 - 0x0000000051f85000 	C:\Program Files\Java\jdk1.8.0_191\jre\bin\jdwp.dll
0x0000000051f20000 - 0x0000000051f28000 	C:\Program Files\Java\jdk1.8.0_191\jre\bin\npt.dll
0x0000000051ef0000 - 0x0000000051f13000 	C:\Program Files\Java\jdk1.8.0_191\jre\bin\instrument.dll
0x0000000051fd0000 - 0x0000000051fe6000 	C:\Program Files\Java\jdk1.8.0_191\jre\bin\zip.dll
0x00007ffb4afd0000 - 0x00007ffb4c410000 	C:\WINDOWS\System32\SHELL32.dll
0x00007ffb4ae60000 - 0x00007ffb4af09000 	C:\WINDOWS\System32\shcore.dll
0x00007ffb4a0f0000 - 0x00007ffb4a7fd000 	C:\WINDOWS\System32\windows.storage.dll
0x00007ffb4d7d0000 - 0x00007ffb4d821000 	C:\WINDOWS\System32\shlwapi.dll
0x00007ffb49d60000 - 0x00007ffb49d71000 	C:\WINDOWS\System32\kernel.appcore.dll
0x00007ffb49d30000 - 0x00007ffb49d4f000 	C:\WINDOWS\System32\profapi.dll
0x00007ffb49ce0000 - 0x00007ffb49d2c000 	C:\WINDOWS\System32\powrprof.dll
0x00007ffb49d50000 - 0x00007ffb49d5a000 	C:\WINDOWS\System32\FLTLIB.DLL
0x0000000051ee0000 - 0x0000000051ee9000 	C:\Program Files\Java\jdk1.8.0_191\jre\bin\dt_socket.dll
0x00007ffb49560000 - 0x00007ffb495c6000 	C:\WINDOWS\system32\mswsock.dll
0x0000000051ed0000 - 0x0000000051edd000 	C:\Program Files\Java\jdk1.8.0_191\jre\bin\management.dll
0x0000000051fb0000 - 0x0000000051fca000 	C:\Program Files\Java\jdk1.8.0_191\jre\bin\net.dll
0x0000000051f90000 - 0x0000000051fa1000 	C:\Program Files\Java\jdk1.8.0_191\jre\bin\nio.dll
0x00007ffb3be00000 - 0x00007ffb3be16000 	C:\WINDOWS\system32\napinsp.dll
0x00007ffb3a600000 - 0x00007ffb3a61a000 	C:\WINDOWS\system32\pnrpnsp.dll
0x00007ffb467f0000 - 0x00007ffb46809000 	C:\WINDOWS\system32\NLAapi.dll
0x00007ffb49330000 - 0x00007ffb493ee000 	C:\WINDOWS\SYSTEM32\DNSAPI.dll
0x00007ffb4c990000 - 0x00007ffb4c998000 	C:\WINDOWS\System32\NSI.dll
0x00007ffb492f0000 - 0x00007ffb49328000 	C:\WINDOWS\SYSTEM32\IPHLPAPI.DLL
0x00007ffb40fc0000 - 0x00007ffb40fce000 	C:\WINDOWS\System32\winrnr.dll
0x00007ffb3a550000 - 0x00007ffb3a565000 	C:\WINDOWS\System32\wshbth.dll
0x00007ffb41680000 - 0x00007ffb4168a000 	C:\Windows\System32\rasadhlp.dll
0x00007ffb44070000 - 0x00007ffb440e2000 	C:\WINDOWS\System32\fwpuclnt.dll
0x00007ffb49840000 - 0x00007ffb49865000 	C:\WINDOWS\SYSTEM32\bcrypt.dll
0x00007ffb49710000 - 0x00007ffb49727000 	C:\WINDOWS\SYSTEM32\CRYPTSP.dll
0x00007ffb49150000 - 0x00007ffb49183000 	C:\WINDOWS\system32\rsaenh.dll
0x00007ffb49be0000 - 0x00007ffb49c08000 	C:\WINDOWS\SYSTEM32\USERENV.dll
0x00007ffb49730000 - 0x00007ffb4973b000 	C:\WINDOWS\SYSTEM32\CRYPTBASE.dll
0x00007ffb44b80000 - 0x00007ffb44b96000 	C:\WINDOWS\SYSTEM32\dhcpcsvc6.DLL
0x00007ffb44a90000 - 0x00007ffb44aaa000 	C:\WINDOWS\SYSTEM32\dhcpcsvc.DLL

VM Arguments:
jvm_args: -agentlib:jdwp=transport=dt_socket,address=127.0.0.1:14595,suspend=y,server=n -XX:TieredStopAtLevel=1 -Xverify:none -Dspring.output.ansi.enabled=always -Dcom.sun.management.jmxremote -Dcom.sun.management.jmxremote.port=14594 -Dcom.sun.management.jmxremote.authenticate=false -Dcom.sun.management.jmxremote.ssl=false -Djava.rmi.server.hostname=localhost -Dspring.liveBeansView.mbeanDomain -Dspring.application.admin.enabled=true -javaagent:C:\Users\Administrator\.IntelliJIdea2018.1\system\captureAgent\debugger-agent.jar=file:/C:/Users/Administrator/AppData/Local/Temp/capture.props -Dfile.encoding=UTF-8 
java_command: com.yuewan.paper.PaperApplication
java_class_path (initial): C:\Program Files\Java\jdk1.8.0_191\jre\lib\charsets.jar;C:\Program Files\Java\jdk1.8.0_191\jre\lib\deploy.jar;C:\Program Files\Java\jdk1.8.0_191\jre\lib\ext\access-bridge-64.jar;C:\Program Files\Java\jdk1.8.0_191\jre\lib\ext\cldrdata.jar;C:\Program Files\Java\jdk1.8.0_191\jre\lib\ext\dnsns.jar;C:\Program Files\Java\jdk1.8.0_191\jre\lib\ext\jaccess.jar;C:\Program Files\Java\jdk1.8.0_191\jre\lib\ext\jfxrt.jar;C:\Program Files\Java\jdk1.8.0_191\jre\lib\ext\localedata.jar;C:\Program Files\Java\jdk1.8.0_191\jre\lib\ext\nashorn.jar;C:\Program Files\Java\jdk1.8.0_191\jre\lib\ext\sunec.jar;C:\Program Files\Java\jdk1.8.0_191\jre\lib\ext\sunjce_provider.jar;C:\Program Files\Java\jdk1.8.0_191\jre\lib\ext\sunmscapi.jar;C:\Program Files\Java\jdk1.8.0_191\jre\lib\ext\sunpkcs11.jar;C:\Program Files\Java\jdk1.8.0_191\jre\lib\ext\zipfs.jar;C:\Program Files\Java\jdk1.8.0_191\jre\lib\javaws.jar;C:\Program Files\Java\jdk1.8.0_191\jre\lib\jce.jar;C:\Program Files\Java\jdk1.8.0_191\jre\lib\jfr.jar;C:\Program Files\Java\jdk1.8.0_191\jre\lib\jfxswt.jar;C:\Program Files\Java\jdk1.8.0_191\jre\lib\jsse.jar;C:\Program Files\Java\jdk1.8.0_191\jre\lib\management-agent.jar;C:\Program Files\Java\jdk1.8.0_191\jre\lib\plugin.jar;C:\Program Files\Java\jdk1.8.0_191\jre\lib\resources.jar;C:\Program Files\Java\jdk1.8.0_191\jre\lib\rt.jar;F:\lixinlin\gitfile\daily_paper\target\classes;D:\Maven_Repository\m2Repo\org\springframework\boot\spring-boot-starter-web\2.1.2.RELEASE\spring-boot-starter-web-2.1.2.RELEASE.jar;D:\Maven_Repository\m2Repo\org\springframework\boot\spring-boot-starter\2.1.2.RELEASE\spring-boot-starter-2.1.2.RELEASE.jar;D:\Maven_Repository\m2Repo\org\springframework\boot\spring-boot\2.1.2.RELEASE\spring-boot-2.1.2.RELEASE.jar;D:\Maven_Repository\m2Repo\org\springframework\boot\spring-boot-starter-logging\2.1.2.RELEASE\spring-boot-starter-logging-2.1.2.RELEASE.jar;D:\Maven_Repository\m2Repo\ch\qos\logback\logback-classic\1.2.3\logback-classic-1.2.3.jar;D:\Maven
Launcher Type: SUN_STANDARD

Environment Variables:
JAVA_HOME=C:\Program Files\Java\jdk1.8.0_191
PATH=C:\Program Files (x86)\Common Files\Oracle\Java\javapath;C:\Windows\system32;C:\Windows;C:\Windows\System32\Wbem;C:\Windows\System32\WindowsPowerShell\v1.0\;C:\Program Files (x86)\NVIDIA Corporation\PhysX\Common;D:\application\TortoiseSVN\bin;D:\application\TortoiseGit\bin;D:\GoPath\bin;D:\phpStudy\php\php-7.0.12-nts;D:\application\Git\cmd;D:\application\Yarn\bin\;D:\application\scala\bin;D:\application\apache-maven-3.6.0\bin;C:\Program Files\Java\jdk1.8.0_191\bin;C:\Program Files\Java\jdk1.8.0_191\jre\bin;D:\application\hadoop-common-2.2.0-bin-master\bin;C:\WINDOWS\system32;C:\WINDOWS;C:\WINDOWS\System32\Wbem;C:\WINDOWS\System32\WindowsPowerShell\v1.0\;C:\WINDOWS\System32\OpenSSH\;D:\application\Sublime_Text_Build_3095_x64\Sublime Text;C:\HashiCorp\Vagrant\bin;D:\phpStudy\php\php-7.0.12-nts\composer.bat;E:\BigData\hadoop-2.8.1\bin;C:\Program Files\MySQL\MySQL Server 5.5\bin;C:\Program Files (x86)\Google\Chrome\Application;C:\Users\Administrator\AppData\Local\Microsoft\WindowsApps;D:\application\Boot2Docker for Windows;C:\Users\Administrator\AppData\Local\Yarn\bin;D:\Program Files\JetBrains\GoLand 2019.1\bin;;E:\BigData\scala-2.11.8\bin;E:\BigData\spark\spark-2.2.0-bin-hadoop2.7\bin;
USERNAME=Administrator
OS=Windows_NT
PROCESSOR_IDENTIFIER=Intel64 Family 6 Model 158 Stepping 9, GenuineIntel



---------------  S Y S T E M  ---------------

OS: Windows 10.0 , 64 bit Build 17134 (10.0.17134.753)

CPU:total 4 (initial active 4) (4 cores per cpu, 1 threads per core) family 6 model 158 stepping 9, cmov, cx8, fxsr, mmx, sse, sse2, sse3, ssse3, sse4.1, sse4.2, popcnt, avx, avx2, aes, clmul, erms, rtm, 3dnowpref, lzcnt, tsc, tscinvbit, bmi1, bmi2, adx

Memory: 4k page, physical 16736208k(4396436k free), swap 16736208k(2364k free)

vm_info: Java HotSpot(TM) 64-Bit Server VM (25.191-b12) for windows-amd64 JRE (1.8.0_191-b12), built on Oct  6 2018 09:29:03 by "java_re" with MS VC++ 10.0 (VS2010)

time: Fri Aug 23 10:01:44 2019
elapsed time: 6 seconds (0d 0h 0m 6s)

